[1026/141653.984:ERROR:directory_reader_win.cc(43)] FindFirstFile: O sistema não pode encontrar o caminho especificado. (0x3)
[1028/034406.203:ERROR:directory_reader_win.cc(43)] FindFirstFile: O sistema não pode encontrar o caminho especificado. (0x3)
[1029/134655.459:ERROR:directory_reader_win.cc(43)] FindFirstFile: O sistema não pode encontrar o caminho especificado. (0x3)
[1031/012024.115:ERROR:directory_reader_win.cc(43)] FindFirstFile: O sistema não pode encontrar o caminho especificado. (0x3)
[1101/012024.145:ERROR:directory_reader_win.cc(43)] FindFirstFile: O sistema não pode encontrar o caminho especificado. (0x3)
[1101/090849.325:ERROR:process_reader_win.cc(151)] SuspendThread: Acesso negado. (0x5)
[1101/090849.330:ERROR:process_reader_win.cc(151)] SuspendThread: Acesso negado. (0x5)
[1101/090849.331:ERROR:process_reader_win.cc(151)] SuspendThread: Acesso negado. (0x5)
[1101/090849.331:ERROR:process_reader_win.cc(151)] SuspendThread: Acesso negado. (0x5)
[1101/090849.333:ERROR:process_reader_win.cc(151)] SuspendThread: Acesso negado. (0x5)
[1101/090849.336:ERROR:process_reader_win.cc(151)] SuspendThread: Acesso negado. (0x5)
[1101/090849.354:ERROR:process_reader_win.cc(151)] SuspendThread: Acesso negado. (0x5)
[1101/090849.341:ERROR:process_reader_win.cc(151)] SuspendThread: Acesso negado. (0x5)
[1101/090849.347:ERROR:process_reader_win.cc(123)] NtOpenThread: {Acesso Negado} Um processo solicitou acesso a um objeto, mas o direito de acesso não lhe foi concedido. (0xc0000022)
[1101/090849.349:ERROR:process_reader_win.cc(151)] SuspendThread: Acesso negado. (0x5)
[1101/090849.354:ERROR:process_reader_win.cc(151)] SuspendThread: Acesso negado. (0x5)
[1101/090849.354:ERROR:process_reader_win.cc(123)] NtOpenThread: {Acesso Negado} Um processo solicitou acesso a um objeto, mas o direito de acesso não lhe foi concedido. (0xc0000022)
[1101/090849.354:ERROR:process_reader_win.cc(151)] SuspendThread: Acesso negado. (0x5)
[1101/090849.351:ERROR:process_reader_win.cc(151)] SuspendThread: Acesso negado. (0x5)
[1101/090849.354:ERROR:process_reader_win.cc(151)] SuspendThread: Acesso negado. (0x5)
[1101/090849.354:ERROR:process_reader_win.cc(151)] SuspendThread: Acesso negado. (0x5)
[1101/090849.355:ERROR:process_reader_win.cc(151)] SuspendThread: Acesso negado. (0x5)
[1101/090849.355:ERROR:process_reader_win.cc(151)] SuspendThread: Acesso negado. (0x5)
[1101/090849.355:ERROR:process_reader_win.cc(151)] SuspendThread: Acesso negado. (0x5)
[1101/090849.355:ERROR:process_reader_win.cc(151)] SuspendThread: Acesso negado. (0x5)
[1101/090849.354:ERROR:process_reader_win.cc(151)] SuspendThread: Acesso negado. (0x5)
[1101/090849.355:ERROR:process_reader_win.cc(151)] SuspendThread: Acesso negado. (0x5)
[1101/090849.355:ERROR:process_reader_win.cc(151)] SuspendThread: Acesso negado. (0x5)
[1101/090849.355:ERROR:process_reader_win.cc(151)] SuspendThread: Acesso negado. (0x5)
[1101/090849.355:ERROR:process_reader_win.cc(151)] SuspendThread: Acesso negado. (0x5)
[1101/090849.355:ERROR:process_reader_win.cc(151)] SuspendThread: Acesso negado. (0x5)
[1101/090849.355:ERROR:process_reader_win.cc(151)] SuspendThread: Acesso negado. (0x5)
[1101/090849.355:ERROR:process_reader_win.cc(151)] SuspendThread: Acesso negado. (0x5)
[1101/090849.355:ERROR:process_reader_win.cc(151)] SuspendThread: Acesso negado. (0x5)
[1101/090849.355:ERROR:process_reader_win.cc(151)] SuspendThread: Acesso negado. (0x5)
[1101/090849.355:ERROR:process_reader_win.cc(151)] SuspendThread: Acesso negado. (0x5)
[1101/090849.355:ERROR:process_reader_win.cc(151)] SuspendThread: Acesso negado. (0x5)
[1101/090849.355:ERROR:process_reader_win.cc(151)] SuspendThread: Acesso negado. (0x5)
[1101/090849.355:ERROR:process_reader_win.cc(151)] SuspendThread: Acesso negado. (0x5)
[1101/090849.355:ERROR:process_reader_win.cc(151)] SuspendThread: Acesso negado. (0x5)
[1101/090849.355:ERROR:process_reader_win.cc(151)] SuspendThread: Acesso negado. (0x5)
[1101/090849.355:ERROR:process_reader_win.cc(151)] SuspendThread: Acesso negado. (0x5)
[1101/090849.355:ERROR:process_reader_win.cc(151)] SuspendThread: Acesso negado. (0x5)
[1101/090849.355:ERROR:process_reader_win.cc(151)] SuspendThread: Acesso negado. (0x5)
[1101/090849.355:ERROR:process_reader_win.cc(151)] SuspendThread: Acesso negado. (0x5)
[1101/090849.355:ERROR:process_reader_win.cc(151)] SuspendThread: Acesso negado. (0x5)
[1101/090849.355:ERROR:process_reader_win.cc(151)] SuspendThread: Acesso negado. (0x5)
[1101/090849.355:ERROR:process_reader_win.cc(151)] SuspendThread: Acesso negado. (0x5)
[1101/090849.355:ERROR:process_reader_win.cc(151)] SuspendThread: Acesso negado. (0x5)
[1101/090849.355:ERROR:process_reader_win.cc(151)] SuspendThread: Acesso negado. (0x5)
[1101/090849.355:ERROR:process_reader_win.cc(151)] SuspendThread: Acesso negado. (0x5)
[1101/090849.355:ERROR:process_reader_win.cc(151)] SuspendThread: Acesso negado. (0x5)
[1101/090849.355:ERROR:process_reader_win.cc(151)] SuspendThread: Acesso negado. (0x5)
[1101/090849.355:ERROR:process_reader_win.cc(151)] SuspendThread: Acesso negado. (0x5)
[1101/090849.355:ERROR:process_reader_win.cc(123)] NtOpenThread: {Acesso Negado} Um processo solicitou acesso a um objeto, mas o direito de acesso não lhe foi concedido. (0xc0000022)
[1101/090849.355:ERROR:exception_snapshot_win.cc(99)] thread ID 34084 not found in process
[1101/090849.355:ERROR:process_reader_win.cc(151)] SuspendThread: Acesso negado. (0x5)
[1101/090849.355:ERROR:process_reader_win.cc(123)] NtOpenThread: {Acesso Negado} Um processo solicitou acesso a um objeto, mas o direito de acesso não lhe foi concedido. (0xc0000022)
[1101/090849.355:ERROR:exception_snapshot_win.cc(99)] thread ID 22768 not found in process
[1101/090849.355:ERROR:process_reader_win.cc(123)] NtOpenThread: {Acesso Negado} Um processo solicitou acesso a um objeto, mas o direito de acesso não lhe foi concedido. (0xc0000022)
[1101/090849.355:ERROR:exception_snapshot_win.cc(99)] thread ID 9892 not found in process
[1101/090849.360:ERROR:process_reader_win.cc(151)] SuspendThread: Acesso negado. (0x5)
[1101/090849.360:ERROR:process_reader_win.cc(123)] NtOpenThread: {Acesso Negado} Um processo solicitou acesso a um objeto, mas o direito de acesso não lhe foi concedido. (0xc0000022)
[1101/090849.360:ERROR:exception_snapshot_win.cc(99)] thread ID 16340 not found in process
[1101/090849.351:ERROR:process_reader_win.cc(151)] SuspendThread: Acesso negado. (0x5)
[1101/090849.354:ERROR:process_reader_win.cc(151)] SuspendThread: Acesso negado. (0x5)
[1101/090849.361:ERROR:process_reader_win.cc(123)] NtOpenThread: {Acesso Negado} Um processo solicitou acesso a um objeto, mas o direito de acesso não lhe foi concedido. (0xc0000022)
[1101/090849.361:ERROR:process_reader_win.cc(151)] SuspendThread: Acesso negado. (0x5)
[1101/090849.361:ERROR:process_reader_win.cc(151)] SuspendThread: Acesso negado. (0x5)
[1101/090849.361:ERROR:process_reader_win.cc(151)] SuspendThread: Acesso negado. (0x5)
[1101/090849.361:ERROR:process_reader_win.cc(151)] SuspendThread: Acesso negado. (0x5)
[1101/090849.361:ERROR:process_reader_win.cc(151)] SuspendThread: Acesso negado. (0x5)
[1101/090849.361:ERROR:process_reader_win.cc(151)] SuspendThread: Acesso negado. (0x5)
[1101/090849.361:ERROR:exception_snapshot_win.cc(99)] thread ID 20024 not found in process
[1101/090849.361:ERROR:process_reader_win.cc(151)] SuspendThread: Acesso negado. (0x5)
[1101/090849.361:ERROR:process_reader_win.cc(151)] SuspendThread: Acesso negado. (0x5)
[1101/090849.361:ERROR:process_reader_win.cc(151)] SuspendThread: Acesso negado. (0x5)
[1101/090849.361:ERROR:process_reader_win.cc(151)] SuspendThread: Acesso negado. (0x5)
[1101/090849.361:ERROR:process_reader_win.cc(123)] NtOpenThread: {Acesso Negado} Um processo solicitou acesso a um objeto, mas o direito de acesso não lhe foi concedido. (0xc0000022)
[1101/090849.361:ERROR:exception_snapshot_win.cc(99)] thread ID 34524 not found in process
[1101/090849.362:ERROR:process_reader_win.cc(151)] SuspendThread: Acesso negado. (0x5)
[1101/090849.362:ERROR:process_reader_win.cc(151)] SuspendThread: Acesso negado. (0x5)
[1101/090849.362:ERROR:process_reader_win.cc(151)] SuspendThread: Acesso negado. (0x5)
[1101/090849.362:ERROR:process_reader_win.cc(151)] SuspendThread: Acesso negado. (0x5)
[1101/090849.362:ERROR:process_reader_win.cc(151)] SuspendThread: Acesso negado. (0x5)
[1101/090849.362:ERROR:process_reader_win.cc(151)] SuspendThread: Acesso negado. (0x5)
[1101/090849.362:ERROR:process_reader_win.cc(151)] SuspendThread: Acesso negado. (0x5)
[1101/090849.362:ERROR:process_reader_win.cc(151)] SuspendThread: Acesso negado. (0x5)
[1101/090849.362:ERROR:process_reader_win.cc(151)] SuspendThread: Acesso negado. (0x5)
[1101/090849.362:ERROR:process_reader_win.cc(151)] SuspendThread: Acesso negado. (0x5)
[1101/090849.362:ERROR:process_reader_win.cc(151)] SuspendThread: Acesso negado. (0x5)
[1101/090849.362:ERROR:process_reader_win.cc(151)] SuspendThread: Acesso negado. (0x5)
[1101/090849.362:ERROR:process_reader_win.cc(151)] SuspendThread: Acesso negado. (0x5)
[1101/090849.362:ERROR:process_reader_win.cc(151)] SuspendThread: Acesso negado. (0x5)
[1101/090849.362:ERROR:process_reader_win.cc(151)] SuspendThread: Acesso negado. (0x5)
[1101/090849.362:ERROR:process_reader_win.cc(123)] NtOpenThread: {Acesso Negado} Um processo solicitou acesso a um objeto, mas o direito de acesso não lhe foi concedido. (0xc0000022)
[1101/090849.362:ERROR:exception_snapshot_win.cc(99)] thread ID 12416 not found in process
[1101/090849.365:ERROR:process_reader_win.cc(151)] SuspendThread: Acesso negado. (0x5)
[1101/090849.366:ERROR:process_reader_win.cc(151)] SuspendThread: Acesso negado. (0x5)
[1101/090849.366:ERROR:process_reader_win.cc(151)] SuspendThread: Acesso negado. (0x5)
[1101/090849.366:ERROR:process_reader_win.cc(151)] SuspendThread: Acesso negado. (0x5)
[1101/090849.366:ERROR:process_reader_win.cc(151)] SuspendThread: Acesso negado. (0x5)
[1101/090849.366:ERROR:process_reader_win.cc(151)] SuspendThread: Acesso negado. (0x5)
[1101/090849.366:ERROR:process_reader_win.cc(151)] SuspendThread: Acesso negado. (0x5)
[1101/090849.366:ERROR:process_reader_win.cc(151)] SuspendThread: Acesso negado. (0x5)
[1101/090849.366:ERROR:process_reader_win.cc(151)] SuspendThread: Acesso negado. (0x5)
[1101/090849.366:ERROR:process_reader_win.cc(151)] SuspendThread: Acesso negado. (0x5)
[1101/090849.366:ERROR:process_reader_win.cc(123)] NtOpenThread: {Acesso Negado} Um processo solicitou acesso a um objeto, mas o direito de acesso não lhe foi concedido. (0xc0000022)
[1101/090849.366:ERROR:exception_snapshot_win.cc(99)] thread ID 30896 not found in process
[1101/090849.368:ERROR:process_reader_win.cc(151)] SuspendThread: Acesso negado. (0x5)
[1101/090849.368:ERROR:process_reader_win.cc(151)] SuspendThread: Acesso negado. (0x5)
[1101/090849.368:ERROR:process_reader_win.cc(151)] SuspendThread: Acesso negado. (0x5)
[1101/090849.368:ERROR:process_reader_win.cc(151)] SuspendThread: Acesso negado. (0x5)
[1101/090849.368:ERROR:process_reader_win.cc(151)] SuspendThread: Acesso negado. (0x5)
[1101/090849.368:ERROR:process_reader_win.cc(151)] SuspendThread: Acesso negado. (0x5)
[1101/090849.368:ERROR:process_reader_win.cc(151)] SuspendThread: Acesso negado. (0x5)
[1101/090849.368:ERROR:process_reader_win.cc(151)] SuspendThread: Acesso negado. (0x5)
[1101/090849.368:ERROR:process_reader_win.cc(123)] NtOpenThread: {Acesso Negado} Um processo solicitou acesso a um objeto, mas o direito de acesso não lhe foi concedido. (0xc0000022)
[1101/090849.368:ERROR:exception_snapshot_win.cc(99)] thread ID 34240 not found in process
[1101/090849.369:ERROR:process_reader_win.cc(151)] SuspendThread: Acesso negado. (0x5)
[1101/090849.369:ERROR:process_reader_win.cc(123)] NtOpenThread: {Acesso Negado} Um processo solicitou acesso a um objeto, mas o direito de acesso não lhe foi concedido. (0xc0000022)
[1101/090849.369:ERROR:exception_snapshot_win.cc(99)] thread ID 30084 not found in process
[1101/090849.361:ERROR:process_reader_win.cc(151)] SuspendThread: Acesso negado. (0x5)
[1101/090849.373:ERROR:process_reader_win.cc(151)] SuspendThread: Acesso negado. (0x5)
[1101/090849.373:ERROR:exception_snapshot_win.cc(99)] thread ID 10352 not found in process
[1101/090849.373:ERROR:process_reader_win.cc(123)] NtOpenThread: {Acesso Negado} Um processo solicitou acesso a um objeto, mas o direito de acesso não lhe foi concedido. (0xc0000022)
[1101/090849.373:ERROR:exception_snapshot_win.cc(99)] thread ID 24940 not found in process
[1101/090849.373:ERROR:exception_snapshot_win.cc(99)] thread ID 14220 not found in process
[1101/090849.381:ERROR:process_reader_win.cc(151)] SuspendThread: Acesso negado. (0x5)
[1101/090849.381:ERROR:process_reader_win.cc(123)] NtOpenThread: {Acesso Negado} Um processo solicitou acesso a um objeto, mas o direito de acesso não lhe foi concedido. (0xc0000022)
[1101/090849.355:ERROR:process_reader_win.cc(151)] SuspendThread: Acesso negado. (0x5)
[1101/090849.381:ERROR:process_reader_win.cc(151)] SuspendThread: Acesso negado. (0x5)
[1101/090849.381:ERROR:process_reader_win.cc(151)] SuspendThread: Acesso negado. (0x5)
[1101/090849.381:ERROR:exception_snapshot_win.cc(99)] thread ID 34396 not found in process
[1101/090849.381:ERROR:process_reader_win.cc(123)] NtOpenThread: {Acesso Negado} Um processo solicitou acesso a um objeto, mas o direito de acesso não lhe foi concedido. (0xc0000022)
[1101/090849.381:ERROR:exception_snapshot_win.cc(99)] thread ID 24644 not found in process
[1101/090849.388:ERROR:process_reader_win.cc(151)] SuspendThread: Acesso negado. (0x5)
[1101/090849.388:ERROR:process_reader_win.cc(151)] SuspendThread: Acesso negado. (0x5)
[1101/090849.388:ERROR:process_reader_win.cc(151)] SuspendThread: Acesso negado. (0x5)
[1101/090849.388:ERROR:process_reader_win.cc(151)] SuspendThread: Acesso negado. (0x5)
[1101/090849.388:ERROR:process_reader_win.cc(151)] SuspendThread: Acesso negado. (0x5)
[1101/090849.388:ERROR:process_reader_win.cc(151)] SuspendThread: Acesso negado. (0x5)
[1101/090849.388:ERROR:process_reader_win.cc(151)] SuspendThread: Acesso negado. (0x5)
[1101/090849.388:ERROR:process_reader_win.cc(151)] SuspendThread: Acesso negado. (0x5)
[1101/090849.388:ERROR:process_reader_win.cc(151)] SuspendThread: Acesso negado. (0x5)
[1101/090849.388:ERROR:process_reader_win.cc(123)] NtOpenThread: {Acesso Negado} Um processo solicitou acesso a um objeto, mas o direito de acesso não lhe foi concedido. (0xc0000022)
[1101/090849.388:ERROR:exception_snapshot_win.cc(99)] thread ID 32948 not found in process
[1101/090849.395:ERROR:process_reader_win.cc(151)] SuspendThread: Acesso negado. (0x5)
[1101/090849.396:ERROR:process_reader_win.cc(151)] SuspendThread: Acesso negado. (0x5)
[1101/090849.396:ERROR:process_reader_win.cc(151)] SuspendThread: Acesso negado. (0x5)
[1101/090849.396:ERROR:process_reader_win.cc(151)] SuspendThread: Acesso negado. (0x5)
[1101/090849.396:ERROR:process_reader_win.cc(151)] SuspendThread: Acesso negado. (0x5)
[1101/090849.396:ERROR:process_reader_win.cc(151)] SuspendThread: Acesso negado. (0x5)
[1101/090849.396:ERROR:process_reader_win.cc(123)] NtOpenThread: {Acesso Negado} Um processo solicitou acesso a um objeto, mas o direito de acesso não lhe foi concedido. (0xc0000022)
[1101/090849.396:ERROR:exception_snapshot_win.cc(99)] thread ID 28800 not found in process
[1101/090849.401:ERROR:process_reader_win.cc(151)] SuspendThread: Acesso negado. (0x5)
[1101/090849.401:ERROR:process_reader_win.cc(123)] NtOpenThread: {Acesso Negado} Um processo solicitou acesso a um objeto, mas o direito de acesso não lhe foi concedido. (0xc0000022)
[1101/090849.402:ERROR:exception_snapshot_win.cc(99)] thread ID 18468 not found in process
[1101/090849.404:ERROR:process_reader_win.cc(151)] SuspendThread: Acesso negado. (0x5)
[1101/090849.404:ERROR:process_reader_win.cc(123)] NtOpenThread: {Acesso Negado} Um processo solicitou acesso a um objeto, mas o direito de acesso não lhe foi concedido. (0xc0000022)
[1101/090849.404:ERROR:exception_snapshot_win.cc(99)] thread ID 31792 not found in process
[1101/090849.405:ERROR:process_reader_win.cc(151)] SuspendThread: Acesso negado. (0x5)
[1101/090849.405:ERROR:process_reader_win.cc(151)] SuspendThread: Acesso negado. (0x5)
[1101/090849.405:ERROR:process_reader_win.cc(151)] SuspendThread: Acesso negado. (0x5)
[1101/090849.405:ERROR:process_reader_win.cc(151)] SuspendThread: Acesso negado. (0x5)
[1101/090849.405:ERROR:process_reader_win.cc(151)] SuspendThread: Acesso negado. (0x5)
[1101/090849.405:ERROR:process_reader_win.cc(151)] SuspendThread: Acesso negado. (0x5)
[1101/090849.405:ERROR:process_reader_win.cc(151)] SuspendThread: Acesso negado. (0x5)
[1101/090849.405:ERROR:process_reader_win.cc(151)] SuspendThread: Acesso negado. (0x5)
[1101/090849.405:ERROR:process_reader_win.cc(123)] NtOpenThread: {Acesso Negado} Um processo solicitou acesso a um objeto, mas o direito de acesso não lhe foi concedido. (0xc0000022)
[1101/090849.405:ERROR:exception_snapshot_win.cc(99)] thread ID 26988 not found in process
[1101/090849.408:ERROR:process_reader_win.cc(151)] SuspendThread: Acesso negado. (0x5)
[1101/090849.409:ERROR:process_reader_win.cc(123)] NtOpenThread: {Acesso Negado} Um processo solicitou acesso a um objeto, mas o direito de acesso não lhe foi concedido. (0xc0000022)
[1101/090849.409:ERROR:exception_snapshot_win.cc(99)] thread ID 34680 not found in process
[1101/090849.412:ERROR:process_reader_win.cc(151)] SuspendThread: Acesso negado. (0x5)
[1101/090849.412:ERROR:process_reader_win.cc(151)] SuspendThread: Acesso negado. (0x5)
[1101/090849.412:ERROR:process_reader_win.cc(151)] SuspendThread: Acesso negado. (0x5)
[1101/090849.412:ERROR:process_reader_win.cc(151)] SuspendThread: Acesso negado. (0x5)
[1101/090849.412:ERROR:process_reader_win.cc(151)] SuspendThread: Acesso negado. (0x5)
[1101/090849.412:ERROR:process_reader_win.cc(151)] SuspendThread: Acesso negado. (0x5)
[1101/090849.412:ERROR:process_reader_win.cc(123)] NtOpenThread: {Acesso Negado} Um processo solicitou acesso a um objeto, mas o direito de acesso não lhe foi concedido. (0xc0000022)
[1101/090849.415:ERROR:process_reader_win.cc(151)] SuspendThread: Acesso negado. (0x5)
[1101/090849.416:ERROR:process_reader_win.cc(151)] SuspendThread: Acesso negado. (0x5)
[1101/090849.416:ERROR:process_reader_win.cc(151)] SuspendThread: Acesso negado. (0x5)
[1101/090849.416:ERROR:process_reader_win.cc(151)] SuspendThread: Acesso negado. (0x5)
[1101/090849.416:ERROR:process_reader_win.cc(151)] SuspendThread: Acesso negado. (0x5)
[1101/090849.416:ERROR:process_reader_win.cc(151)] SuspendThread: Acesso negado. (0x5)
[1101/090849.416:ERROR:process_reader_win.cc(151)] SuspendThread: Acesso negado. (0x5)
[1101/090849.416:ERROR:process_reader_win.cc(151)] SuspendThread: Acesso negado. (0x5)
[1101/090849.416:ERROR:process_reader_win.cc(123)] NtOpenThread: {Acesso Negado} Um processo solicitou acesso a um objeto, mas o direito de acesso não lhe foi concedido. (0xc0000022)
[1101/090849.416:ERROR:exception_snapshot_win.cc(99)] thread ID 2932 not found in process
[1101/090849.401:ERROR:process_reader_win.cc(151)] SuspendThread: Acesso negado. (0x5)
[1101/090849.416:ERROR:exception_snapshot_win.cc(99)] thread ID 34284 not found in process
[1101/090849.417:ERROR:process_reader_win.cc(151)] SuspendThread: Acesso negado. (0x5)
[1101/090849.417:ERROR:process_reader_win.cc(151)] SuspendThread: Acesso negado. (0x5)
[1101/090849.417:ERROR:process_reader_win.cc(151)] SuspendThread: Acesso negado. (0x5)
[1101/090849.417:ERROR:process_reader_win.cc(151)] SuspendThread: Acesso negado. (0x5)
[1101/090849.417:ERROR:process_reader_win.cc(151)] SuspendThread: Acesso negado. (0x5)
[1101/090849.418:ERROR:process_reader_win.cc(151)] SuspendThread: Acesso negado. (0x5)
[1101/090849.418:ERROR:process_reader_win.cc(151)] SuspendThread: Acesso negado. (0x5)
[1101/090849.418:ERROR:process_reader_win.cc(151)] SuspendThread: Acesso negado. (0x5)
[1101/090849.418:ERROR:process_reader_win.cc(123)] NtOpenThread: {Acesso Negado} Um processo solicitou acesso a um objeto, mas o direito de acesso não lhe foi concedido. (0xc0000022)
[1101/090849.418:ERROR:exception_snapshot_win.cc(99)] thread ID 30640 not found in process
[1101/090849.424:ERROR:process_reader_win.cc(151)] SuspendThread: Acesso negado. (0x5)
[1101/090849.424:ERROR:process_reader_win.cc(151)] SuspendThread: Acesso negado. (0x5)
[1101/090849.424:ERROR:process_reader_win.cc(151)] SuspendThread: Acesso negado. (0x5)
[1101/090849.424:ERROR:process_reader_win.cc(151)] SuspendThread: Acesso negado. (0x5)
[1101/090849.424:ERROR:process_reader_win.cc(151)] SuspendThread: Acesso negado. (0x5)
[1101/090849.424:ERROR:process_reader_win.cc(151)] SuspendThread: Acesso negado. (0x5)
[1101/090849.424:ERROR:process_reader_win.cc(151)] SuspendThread: Acesso negado. (0x5)
[1101/090849.424:ERROR:process_reader_win.cc(123)] NtOpenThread: {Acesso Negado} Um processo solicitou acesso a um objeto, mas o direito de acesso não lhe foi concedido. (0xc0000022)
[1101/090849.425:ERROR:exception_snapshot_win.cc(99)] thread ID 22860 not found in process
[1101/090849.416:ERROR:process_reader_win.cc(151)] SuspendThread: Acesso negado. (0x5)
[1101/090849.425:ERROR:process_reader_win.cc(151)] SuspendThread: Acesso negado. (0x5)
[1101/090849.425:ERROR:process_reader_win.cc(151)] SuspendThread: Acesso negado. (0x5)
[1101/090849.425:ERROR:process_reader_win.cc(151)] SuspendThread: Acesso negado. (0x5)
[1101/090849.425:ERROR:process_reader_win.cc(151)] SuspendThread: Acesso negado. (0x5)
[1101/090849.425:ERROR:process_reader_win.cc(151)] SuspendThread: Acesso negado. (0x5)
[1101/090849.425:ERROR:process_reader_win.cc(151)] SuspendThread: Acesso negado. (0x5)
[1101/090849.425:ERROR:process_reader_win.cc(151)] SuspendThread: Acesso negado. (0x5)
[1101/090849.425:ERROR:process_reader_win.cc(123)] NtOpenThread: {Acesso Negado} Um processo solicitou acesso a um objeto, mas o direito de acesso não lhe foi concedido. (0xc0000022)
[1101/090849.425:ERROR:exception_snapshot_win.cc(99)] thread ID 30824 not found in process
[1101/090849.427:ERROR:process_reader_win.cc(151)] SuspendThread: Acesso negado. (0x5)
[1101/090849.427:ERROR:process_reader_win.cc(151)] SuspendThread: Acesso negado. (0x5)
[1101/090849.427:ERROR:process_reader_win.cc(151)] SuspendThread: Acesso negado. (0x5)
[1101/090849.427:ERROR:process_reader_win.cc(151)] SuspendThread: Acesso negado. (0x5)
[1101/090849.427:ERROR:process_reader_win.cc(151)] SuspendThread: Acesso negado. (0x5)
[1101/090849.427:ERROR:process_reader_win.cc(151)] SuspendThread: Acesso negado. (0x5)
[1101/090849.427:ERROR:process_reader_win.cc(151)] SuspendThread: Acesso negado. (0x5)
[1101/090849.427:ERROR:process_reader_win.cc(151)] SuspendThread: Acesso negado. (0x5)
[1101/090849.427:ERROR:process_reader_win.cc(151)] SuspendThread: Acesso negado. (0x5)
[1101/090849.427:ERROR:process_reader_win.cc(151)] SuspendThread: Acesso negado. (0x5)
[1101/090849.427:ERROR:process_reader_win.cc(151)] SuspendThread: Acesso negado. (0x5)
[1101/090849.427:ERROR:process_reader_win.cc(151)] SuspendThread: Acesso negado. (0x5)
[1101/090849.427:ERROR:process_reader_win.cc(151)] SuspendThread: Acesso negado. (0x5)
[1101/090849.427:ERROR:process_reader_win.cc(151)] SuspendThread: Acesso negado. (0x5)
[1101/090849.427:ERROR:process_reader_win.cc(151)] SuspendThread: Acesso negado. (0x5)
[1101/090849.427:ERROR:process_reader_win.cc(123)] NtOpenThread: {Acesso Negado} Um processo solicitou acesso a um objeto, mas o direito de acesso não lhe foi concedido. (0xc0000022)
[1101/090849.427:ERROR:process_reader_win.cc(151)] SuspendThread: Acesso negado. (0x5)
[1101/090849.427:ERROR:process_reader_win.cc(151)] SuspendThread: Acesso negado. (0x5)
[1101/090849.427:ERROR:process_reader_win.cc(123)] NtOpenThread: {Acesso Negado} Um processo solicitou acesso a um objeto, mas o direito de acesso não lhe foi concedido. (0xc0000022)
[1101/090849.427:ERROR:exception_snapshot_win.cc(99)] thread ID 23352 not found in process
[1101/090849.428:ERROR:process_reader_win.cc(151)] SuspendThread: Acesso negado. (0x5)
[1101/090849.428:ERROR:process_reader_win.cc(151)] SuspendThread: Acesso negado. (0x5)
[1101/090849.428:ERROR:process_reader_win.cc(151)] SuspendThread: Acesso negado. (0x5)
[1101/090849.428:ERROR:process_reader_win.cc(151)] SuspendThread: Acesso negado. (0x5)
[1101/090849.428:ERROR:process_reader_win.cc(151)] SuspendThread: Acesso negado. (0x5)
[1101/090849.428:ERROR:process_reader_win.cc(151)] SuspendThread: Acesso negado. (0x5)
[1101/090849.428:ERROR:process_reader_win.cc(151)] SuspendThread: Acesso negado. (0x5)
[1101/090849.428:ERROR:process_reader_win.cc(151)] SuspendThread: Acesso negado. (0x5)
[1101/090849.428:ERROR:process_reader_win.cc(151)] SuspendThread: Acesso negado. (0x5)
[1101/090849.428:ERROR:process_reader_win.cc(123)] NtOpenThread: {Acesso Negado} Um processo solicitou acesso a um objeto, mas o direito de acesso não lhe foi concedido. (0xc0000022)
[1101/090849.428:ERROR:exception_snapshot_win.cc(99)] thread ID 30036 not found in process
[1101/090849.427:ERROR:exception_snapshot_win.cc(99)] thread ID 22076 not found in process
[1101/090849.430:ERROR:process_reader_win.cc(151)] SuspendThread: Acesso negado. (0x5)
[1101/090849.431:ERROR:process_reader_win.cc(151)] SuspendThread: Acesso negado. (0x5)
[1101/090849.431:ERROR:process_reader_win.cc(151)] SuspendThread: Acesso negado. (0x5)
[1101/090849.431:ERROR:process_reader_win.cc(151)] SuspendThread: Acesso negado. (0x5)
[1101/090849.431:ERROR:process_reader_win.cc(151)] SuspendThread: Acesso negado. (0x5)
[1101/090849.431:ERROR:process_reader_win.cc(151)] SuspendThread: Acesso negado. (0x5)
[1101/090849.431:ERROR:process_reader_win.cc(151)] SuspendThread: Acesso negado. (0x5)
[1101/090849.431:ERROR:process_reader_win.cc(151)] SuspendThread: Acesso negado. (0x5)
[1101/090849.431:ERROR:process_reader_win.cc(123)] NtOpenThread: {Acesso Negado} Um processo solicitou acesso a um objeto, mas o direito de acesso não lhe foi concedido. (0xc0000022)
[1101/090849.431:ERROR:exception_snapshot_win.cc(99)] thread ID 23340 not found in process
[1101/090849.435:ERROR:process_reader_win.cc(151)] SuspendThread: Acesso negado. (0x5)
[1101/090849.435:ERROR:process_reader_win.cc(151)] SuspendThread: Acesso negado. (0x5)
[1101/090849.435:ERROR:process_reader_win.cc(151)] SuspendThread: Acesso negado. (0x5)
[1101/090849.435:ERROR:process_reader_win.cc(151)] SuspendThread: Acesso negado. (0x5)
[1101/090849.435:ERROR:process_reader_win.cc(151)] SuspendThread: Acesso negado. (0x5)
[1101/090849.435:ERROR:process_reader_win.cc(151)] SuspendThread: Acesso negado. (0x5)
[1101/090849.435:ERROR:process_reader_win.cc(151)] SuspendThread: Acesso negado. (0x5)
[1101/090849.435:ERROR:process_reader_win.cc(151)] SuspendThread: Acesso negado. (0x5)
[1101/090849.435:ERROR:process_reader_win.cc(151)] SuspendThread: Acesso negado. (0x5)
[1101/090849.435:ERROR:process_reader_win.cc(123)] NtOpenThread: {Acesso Negado} Um processo solicitou acesso a um objeto, mas o direito de acesso não lhe foi concedido. (0xc0000022)
[1101/090849.436:ERROR:exception_snapshot_win.cc(99)] thread ID 31348 not found in process
[1101/090849.443:ERROR:process_reader_win.cc(151)] SuspendThread: Acesso negado. (0x5)
[1101/090849.443:ERROR:process_reader_win.cc(151)] SuspendThread: Acesso negado. (0x5)
[1101/090849.443:ERROR:process_reader_win.cc(151)] SuspendThread: Acesso negado. (0x5)
[1101/090849.443:ERROR:process_reader_win.cc(151)] SuspendThread: Acesso negado. (0x5)
[1101/090849.443:ERROR:process_reader_win.cc(151)] SuspendThread: Acesso negado. (0x5)
[1101/090849.443:ERROR:process_reader_win.cc(151)] SuspendThread: Acesso negado. (0x5)
[1101/090849.443:ERROR:process_reader_win.cc(151)] SuspendThread: Acesso negado. (0x5)
[1101/090849.443:ERROR:process_reader_win.cc(151)] SuspendThread: Acesso negado. (0x5)
[1101/090849.443:ERROR:process_reader_win.cc(151)] SuspendThread: Acesso negado. (0x5)
[1101/090849.443:ERROR:process_reader_win.cc(151)] SuspendThread: Acesso negado. (0x5)
[1101/090849.443:ERROR:process_reader_win.cc(151)] SuspendThread: Acesso negado. (0x5)
[1101/090849.443:ERROR:process_reader_win.cc(123)] NtOpenThread: {Acesso Negado} Um processo solicitou acesso a um objeto, mas o direito de acesso não lhe foi concedido. (0xc0000022)
[1101/090849.443:ERROR:exception_snapshot_win.cc(99)] thread ID 28736 not found in process
[1101/090849.443:ERROR:process_reader_win.cc(151)] SuspendThread: Acesso negado. (0x5)
[1101/090849.443:ERROR:process_reader_win.cc(151)] SuspendThread: Acesso negado. (0x5)
[1101/090849.443:ERROR:process_reader_win.cc(151)] SuspendThread: Acesso negado. (0x5)
[1101/090849.443:ERROR:process_reader_win.cc(151)] SuspendThread: Acesso negado. (0x5)
[1101/090849.444:ERROR:process_reader_win.cc(151)] SuspendThread: Acesso negado. (0x5)
[1101/090849.444:ERROR:process_reader_win.cc(151)] SuspendThread: Acesso negado. (0x5)
[1101/090849.444:ERROR:process_reader_win.cc(151)] SuspendThread: Acesso negado. (0x5)
[1101/090849.444:ERROR:process_reader_win.cc(151)] SuspendThread: Acesso negado. (0x5)
[1101/090849.444:ERROR:process_reader_win.cc(151)] SuspendThread: Acesso negado. (0x5)
[1101/090849.444:ERROR:process_reader_win.cc(151)] SuspendThread: Acesso negado. (0x5)
[1101/090849.444:ERROR:process_reader_win.cc(123)] NtOpenThread: {Acesso Negado} Um processo solicitou acesso a um objeto, mas o direito de acesso não lhe foi concedido. (0xc0000022)
[1101/090849.444:ERROR:exception_snapshot_win.cc(99)] thread ID 31976 not found in process
[1101/090849.451:ERROR:process_reader_win.cc(151)] SuspendThread: Acesso negado. (0x5)
[1101/090849.451:ERROR:process_reader_win.cc(151)] SuspendThread: Acesso negado. (0x5)
[1101/090849.451:ERROR:process_reader_win.cc(151)] SuspendThread: Acesso negado. (0x5)
[1101/090849.451:ERROR:process_reader_win.cc(151)] SuspendThread: Acesso negado. (0x5)
[1101/090849.451:ERROR:process_reader_win.cc(151)] SuspendThread: Acesso negado. (0x5)
[1101/090849.451:ERROR:process_reader_win.cc(151)] SuspendThread: Acesso negado. (0x5)
[1101/090849.451:ERROR:process_reader_win.cc(151)] SuspendThread: Acesso negado. (0x5)
[1101/090849.451:ERROR:process_reader_win.cc(151)] SuspendThread: Acesso negado. (0x5)
[1101/090849.451:ERROR:process_reader_win.cc(123)] NtOpenThread: {Acesso Negado} Um processo solicitou acesso a um objeto, mas o direito de acesso não lhe foi concedido. (0xc0000022)
[1101/090849.451:ERROR:exception_snapshot_win.cc(99)] thread ID 30544 not found in process
[1101/090849.454:ERROR:process_reader_win.cc(151)] SuspendThread: Acesso negado. (0x5)
[1101/090849.454:ERROR:process_reader_win.cc(151)] SuspendThread: Acesso negado. (0x5)
[1101/090849.454:ERROR:process_reader_win.cc(151)] SuspendThread: Acesso negado. (0x5)
[1101/090849.454:ERROR:process_reader_win.cc(151)] SuspendThread: Acesso negado. (0x5)
[1101/090849.454:ERROR:process_reader_win.cc(151)] SuspendThread: Acesso negado. (0x5)
[1101/090849.454:ERROR:process_reader_win.cc(151)] SuspendThread: Acesso negado. (0x5)
[1101/090849.454:ERROR:process_reader_win.cc(151)] SuspendThread: Acesso negado. (0x5)
[1101/090849.454:ERROR:process_reader_win.cc(151)] SuspendThread: Acesso negado. (0x5)
[1101/090849.454:ERROR:process_reader_win.cc(123)] NtOpenThread: {Acesso Negado} Um processo solicitou acesso a um objeto, mas o direito de acesso não lhe foi concedido. (0xc0000022)
[1101/090849.454:ERROR:exception_snapshot_win.cc(99)] thread ID 12752 not found in process
[1101/090849.461:ERROR:process_reader_win.cc(151)] SuspendThread: Acesso negado. (0x5)
[1101/090849.461:ERROR:process_reader_win.cc(151)] SuspendThread: Acesso negado. (0x5)
[1101/090849.461:ERROR:process_reader_win.cc(151)] SuspendThread: Acesso negado. (0x5)
[1101/090849.461:ERROR:process_reader_win.cc(151)] SuspendThread: Acesso negado. (0x5)
[1101/090849.461:ERROR:process_reader_win.cc(151)] SuspendThread: Acesso negado. (0x5)
[1101/090849.461:ERROR:process_reader_win.cc(151)] SuspendThread: Acesso negado. (0x5)
[1101/090849.461:ERROR:process_reader_win.cc(151)] SuspendThread: Acesso negado. (0x5)
[1101/090849.461:ERROR:process_reader_win.cc(151)] SuspendThread: Acesso negado. (0x5)
[1101/090849.461:ERROR:process_reader_win.cc(151)] SuspendThread: Acesso negado. (0x5)
[1101/090849.461:ERROR:process_reader_win.cc(123)] NtOpenThread: {Acesso Negado} Um processo solicitou acesso a um objeto, mas o direito de acesso não lhe foi concedido. (0xc0000022)
[1101/090849.461:ERROR:exception_snapshot_win.cc(99)] thread ID 19848 not found in process
[1101/090849.464:ERROR:process_reader_win.cc(151)] SuspendThread: Acesso negado. (0x5)
[1101/090849.464:ERROR:process_reader_win.cc(151)] SuspendThread: Acesso negado. (0x5)
[1101/090849.464:ERROR:process_reader_win.cc(151)] SuspendThread: Acesso negado. (0x5)
[1101/090849.464:ERROR:process_reader_win.cc(151)] SuspendThread: Acesso negado. (0x5)
[1101/090849.464:ERROR:process_reader_win.cc(151)] SuspendThread: Acesso negado. (0x5)
[1101/090849.464:ERROR:process_reader_win.cc(151)] SuspendThread: Acesso negado. (0x5)
[1101/090849.464:ERROR:process_reader_win.cc(151)] SuspendThread: Acesso negado. (0x5)
[1101/090849.464:ERROR:process_reader_win.cc(151)] SuspendThread: Acesso negado. (0x5)
[1101/090849.464:ERROR:process_reader_win.cc(123)] NtOpenThread: {Acesso Negado} Um processo solicitou acesso a um objeto, mas o direito de acesso não lhe foi concedido. (0xc0000022)
[1101/090849.465:ERROR:exception_snapshot_win.cc(99)] thread ID 21492 not found in process
[1101/090849.465:ERROR:process_reader_win.cc(151)] SuspendThread: Acesso negado. (0x5)
[1101/090849.465:ERROR:process_reader_win.cc(151)] SuspendThread: Acesso negado. (0x5)
[1101/090849.465:ERROR:process_reader_win.cc(151)] SuspendThread: Acesso negado. (0x5)
[1101/090849.465:ERROR:process_reader_win.cc(151)] SuspendThread: Acesso negado. (0x5)
[1101/090849.465:ERROR:process_reader_win.cc(151)] SuspendThread: Acesso negado. (0x5)
[1101/090849.465:ERROR:process_reader_win.cc(151)] SuspendThread: Acesso negado. (0x5)
[1101/090849.465:ERROR:process_reader_win.cc(151)] SuspendThread: Acesso negado. (0x5)
[1101/090849.465:ERROR:process_reader_win.cc(151)] SuspendThread: Acesso negado. (0x5)
[1101/090849.465:ERROR:process_reader_win.cc(151)] SuspendThread: Acesso negado. (0x5)
[1101/090849.465:ERROR:process_reader_win.cc(151)] SuspendThread: Acesso negado. (0x5)
[1101/090849.465:ERROR:process_reader_win.cc(151)] SuspendThread: Acesso negado. (0x5)
[1101/090849.465:ERROR:process_reader_win.cc(151)] SuspendThread: Acesso negado. (0x5)
[1101/090849.465:ERROR:process_reader_win.cc(123)] NtOpenThread: {Acesso Negado} Um processo solicitou acesso a um objeto, mas o direito de acesso não lhe foi concedido. (0xc0000022)
[1101/090849.465:ERROR:exception_snapshot_win.cc(99)] thread ID 34664 not found in process
[1101/090849.471:ERROR:process_reader_win.cc(151)] SuspendThread: Acesso negado. (0x5)
[1101/090849.471:ERROR:process_reader_win.cc(151)] SuspendThread: Acesso negado. (0x5)
[1101/090849.471:ERROR:process_reader_win.cc(151)] SuspendThread: Acesso negado. (0x5)
[1101/090849.471:ERROR:process_reader_win.cc(151)] SuspendThread: Acesso negado. (0x5)
[1101/090849.471:ERROR:process_reader_win.cc(151)] SuspendThread: Acesso negado. (0x5)
[1101/090849.471:ERROR:process_reader_win.cc(151)] SuspendThread: Acesso negado. (0x5)
[1101/090849.471:ERROR:process_reader_win.cc(123)] NtOpenThread: {Acesso Negado} Um processo solicitou acesso a um objeto, mas o direito de acesso não lhe foi concedido. (0xc0000022)
[1101/090849.471:ERROR:exception_snapshot_win.cc(99)] thread ID 23392 not found in process
[1101/090849.471:ERROR:process_reader_win.cc(151)] SuspendThread: Acesso negado. (0x5)
[1101/090849.471:ERROR:process_reader_win.cc(151)] SuspendThread: Acesso negado. (0x5)
[1101/090849.471:ERROR:process_reader_win.cc(151)] SuspendThread: Acesso negado. (0x5)
[1101/090849.471:ERROR:process_reader_win.cc(151)] SuspendThread: Acesso negado. (0x5)
[1101/090849.471:ERROR:process_reader_win.cc(151)] SuspendThread: Acesso negado. (0x5)
[1101/090849.471:ERROR:process_reader_win.cc(151)] SuspendThread: Acesso negado. (0x5)
[1101/090849.471:ERROR:process_reader_win.cc(151)] SuspendThread: Acesso negado. (0x5)
[1101/090849.471:ERROR:process_reader_win.cc(151)] SuspendThread: Acesso negado. (0x5)
[1101/090849.471:ERROR:process_reader_win.cc(151)] SuspendThread: Acesso negado. (0x5)
[1101/090849.471:ERROR:process_reader_win.cc(151)] SuspendThread: Acesso negado. (0x5)
[1101/090849.471:ERROR:process_reader_win.cc(151)] SuspendThread: Acesso negado. (0x5)
[1101/090849.472:ERROR:process_reader_win.cc(151)] SuspendThread: Acesso negado. (0x5)
[1101/090849.472:ERROR:process_reader_win.cc(151)] SuspendThread: Acesso negado. (0x5)
[1101/090849.472:ERROR:process_reader_win.cc(151)] SuspendThread: Acesso negado. (0x5)
[1101/090849.472:ERROR:process_reader_win.cc(123)] NtOpenThread: {Acesso Negado} Um processo solicitou acesso a um objeto, mas o direito de acesso não lhe foi concedido. (0xc0000022)
[1101/090849.472:ERROR:exception_snapshot_win.cc(99)] thread ID 22952 not found in process
[1101/090849.472:ERROR:process_reader_win.cc(151)] SuspendThread: Acesso negado. (0x5)
[1101/090849.472:ERROR:process_reader_win.cc(151)] SuspendThread: Acesso negado. (0x5)
[1101/090849.472:ERROR:process_reader_win.cc(151)] SuspendThread: Acesso negado. (0x5)
[1101/090849.472:ERROR:process_reader_win.cc(151)] SuspendThread: Acesso negado. (0x5)
[1101/090849.472:ERROR:process_reader_win.cc(151)] SuspendThread: Acesso negado. (0x5)
[1101/090849.472:ERROR:process_reader_win.cc(151)] SuspendThread: Acesso negado. (0x5)
[1101/090849.472:ERROR:process_reader_win.cc(151)] SuspendThread: Acesso negado. (0x5)
[1101/090849.472:ERROR:process_reader_win.cc(151)] SuspendThread: Acesso negado. (0x5)
[1101/090849.472:ERROR:process_reader_win.cc(151)] SuspendThread: Acesso negado. (0x5)
[1101/090849.472:ERROR:process_reader_win.cc(151)] SuspendThread: Acesso negado. (0x5)
[1101/090849.472:ERROR:process_reader_win.cc(151)] SuspendThread: Acesso negado. (0x5)
[1101/090849.473:ERROR:process_reader_win.cc(151)] SuspendThread: Acesso negado. (0x5)
[1101/090849.473:ERROR:process_reader_win.cc(151)] SuspendThread: Acesso negado. (0x5)
[1101/090849.473:ERROR:process_reader_win.cc(151)] SuspendThread: Acesso negado. (0x5)
[1101/090849.473:ERROR:process_reader_win.cc(151)] SuspendThread: Acesso negado. (0x5)
[1101/090849.473:ERROR:process_reader_win.cc(123)] NtOpenThread: {Acesso Negado} Um processo solicitou acesso a um objeto, mas o direito de acesso não lhe foi concedido. (0xc0000022)
[1101/090849.473:ERROR:exception_snapshot_win.cc(99)] thread ID 14612 not found in process
[1101/090849.476:ERROR:process_reader_win.cc(151)] SuspendThread: Acesso negado. (0x5)
[1101/090849.476:ERROR:process_reader_win.cc(151)] SuspendThread: Acesso negado. (0x5)
[1101/090849.476:ERROR:process_reader_win.cc(151)] SuspendThread: Acesso negado. (0x5)
[1101/090849.476:ERROR:process_reader_win.cc(151)] SuspendThread: Acesso negado. (0x5)
[1101/090849.476:ERROR:process_reader_win.cc(151)] SuspendThread: Acesso negado. (0x5)
[1101/090849.476:ERROR:process_reader_win.cc(151)] SuspendThread: Acesso negado. (0x5)
[1101/090849.476:ERROR:process_reader_win.cc(151)] SuspendThread: Acesso negado. (0x5)
[1101/090849.476:ERROR:process_reader_win.cc(151)] SuspendThread: Acesso negado. (0x5)
[1101/090849.476:ERROR:process_reader_win.cc(151)] SuspendThread: Acesso negado. (0x5)
[1101/090849.476:ERROR:process_reader_win.cc(151)] SuspendThread: Acesso negado. (0x5)
[1101/090849.476:ERROR:process_reader_win.cc(123)] NtOpenThread: {Acesso Negado} Um processo solicitou acesso a um objeto, mas o direito de acesso não lhe foi concedido. (0xc0000022)
[1101/090849.476:ERROR:exception_snapshot_win.cc(99)] thread ID 24296 not found in process
[1101/090849.485:ERROR:process_reader_win.cc(151)] SuspendThread: Acesso negado. (0x5)
[1101/090849.485:ERROR:process_reader_win.cc(151)] SuspendThread: Acesso negado. (0x5)
[1101/090849.485:ERROR:process_reader_win.cc(151)] SuspendThread: Acesso negado. (0x5)
[1101/090849.485:ERROR:process_reader_win.cc(151)] SuspendThread: Acesso negado. (0x5)
[1101/090849.485:ERROR:process_reader_win.cc(151)] SuspendThread: Acesso negado. (0x5)
[1101/090849.485:ERROR:process_reader_win.cc(151)] SuspendThread: Acesso negado. (0x5)
[1101/090849.485:ERROR:process_reader_win.cc(151)] SuspendThread: Acesso negado. (0x5)
[1101/090849.485:ERROR:process_reader_win.cc(123)] NtOpenThread: {Acesso Negado} Um processo solicitou acesso a um objeto, mas o direito de acesso não lhe foi concedido. (0xc0000022)
[1101/090849.485:ERROR:exception_snapshot_win.cc(99)] thread ID 32676 not found in process
[1101/090849.490:ERROR:process_reader_win.cc(151)] SuspendThread: Acesso negado. (0x5)
[1101/090849.490:ERROR:process_reader_win.cc(151)] SuspendThread: Acesso negado. (0x5)
[1101/090849.490:ERROR:process_reader_win.cc(151)] SuspendThread: Acesso negado. (0x5)
[1101/090849.490:ERROR:process_reader_win.cc(151)] SuspendThread: Acesso negado. (0x5)
[1101/090849.490:ERROR:process_reader_win.cc(151)] SuspendThread: Acesso negado. (0x5)
[1101/090849.490:ERROR:process_reader_win.cc(151)] SuspendThread: Acesso negado. (0x5)
[1101/090849.490:ERROR:process_reader_win.cc(151)] SuspendThread: Acesso negado. (0x5)
[1101/090849.490:ERROR:process_reader_win.cc(151)] SuspendThread: Acesso negado. (0x5)
[1101/090849.490:ERROR:process_reader_win.cc(151)] SuspendThread: Acesso negado. (0x5)
[1101/090849.490:ERROR:process_reader_win.cc(123)] NtOpenThread: {Acesso Negado} Um processo solicitou acesso a um objeto, mas o direito de acesso não lhe foi concedido. (0xc0000022)
[1101/090849.490:ERROR:exception_snapshot_win.cc(99)] thread ID 6980 not found in process
[1101/090849.495:ERROR:process_reader_win.cc(151)] SuspendThread: Acesso negado. (0x5)
[1101/090849.495:ERROR:process_reader_win.cc(151)] SuspendThread: Acesso negado. (0x5)
[1101/090849.495:ERROR:process_reader_win.cc(151)] SuspendThread: Acesso negado. (0x5)
[1101/090849.495:ERROR:process_reader_win.cc(151)] SuspendThread: Acesso negado. (0x5)
[1101/090849.495:ERROR:process_reader_win.cc(151)] SuspendThread: Acesso negado. (0x5)
[1101/090849.495:ERROR:process_reader_win.cc(151)] SuspendThread: Acesso negado. (0x5)
[1101/090849.495:ERROR:process_reader_win.cc(151)] SuspendThread: Acesso negado. (0x5)
[1101/090849.495:ERROR:process_reader_win.cc(151)] SuspendThread: Acesso negado. (0x5)
[1101/090849.495:ERROR:process_reader_win.cc(123)] NtOpenThread: {Acesso Negado} Um processo solicitou acesso a um objeto, mas o direito de acesso não lhe foi concedido. (0xc0000022)
[1101/090849.495:ERROR:exception_snapshot_win.cc(99)] thread ID 33820 not found in process
[1101/090849.496:ERROR:process_reader_win.cc(151)] SuspendThread: Acesso negado. (0x5)
[1101/090849.496:ERROR:process_reader_win.cc(151)] SuspendThread: Acesso negado. (0x5)
[1101/090849.496:ERROR:process_reader_win.cc(151)] SuspendThread: Acesso negado. (0x5)
[1101/090849.496:ERROR:process_reader_win.cc(151)] SuspendThread: Acesso negado. (0x5)
[1101/090849.496:ERROR:process_reader_win.cc(151)] SuspendThread: Acesso negado. (0x5)
[1101/090849.496:ERROR:process_reader_win.cc(151)] SuspendThread: Acesso negado. (0x5)
[1101/090849.496:ERROR:process_reader_win.cc(151)] SuspendThread: Acesso negado. (0x5)
[1101/090849.496:ERROR:process_reader_win.cc(151)] SuspendThread: Acesso negado. (0x5)
[1101/090849.496:ERROR:process_reader_win.cc(151)] SuspendThread: Acesso negado. (0x5)
[1101/090849.496:ERROR:process_reader_win.cc(151)] SuspendThread: Acesso negado. (0x5)
[1101/090849.497:ERROR:process_reader_win.cc(151)] SuspendThread: Acesso negado. (0x5)
[1101/090849.497:ERROR:process_reader_win.cc(151)] SuspendThread: Acesso negado. (0x5)
[1101/090849.497:ERROR:process_reader_win.cc(151)] SuspendThread: Acesso negado. (0x5)
[1101/090849.497:ERROR:process_reader_win.cc(151)] SuspendThread: Acesso negado. (0x5)
[1101/090849.497:ERROR:process_reader_win.cc(151)] SuspendThread: Acesso negado. (0x5)
[1101/090849.497:ERROR:process_reader_win.cc(151)] SuspendThread: Acesso negado. (0x5)
[1101/090849.497:ERROR:process_reader_win.cc(151)] SuspendThread: Acesso negado. (0x5)
[1101/090849.497:ERROR:process_reader_win.cc(151)] SuspendThread: Acesso negado. (0x5)
[1101/090849.497:ERROR:process_reader_win.cc(151)] SuspendThread: Acesso negado. (0x5)
[1101/090849.497:ERROR:process_reader_win.cc(123)] NtOpenThread: {Acesso Negado} Um processo solicitou acesso a um objeto, mas o direito de acesso não lhe foi concedido. (0xc0000022)
[1101/090849.497:ERROR:process_reader_win.cc(151)] SuspendThread: Acesso negado. (0x5)
[1101/090849.497:ERROR:process_reader_win.cc(151)] SuspendThread: Acesso negado. (0x5)
[1101/090849.497:ERROR:process_reader_win.cc(123)] NtOpenThread: {Acesso Negado} Um processo solicitou acesso a um objeto, mas o direito de acesso não lhe foi concedido. (0xc0000022)
[1101/090849.497:ERROR:process_reader_win.cc(151)] SuspendThread: Acesso negado. (0x5)
[1101/090849.497:ERROR:process_reader_win.cc(151)] SuspendThread: Acesso negado. (0x5)
[1101/090849.497:ERROR:exception_snapshot_win.cc(99)] thread ID 12120 not found in process
[1101/090849.497:ERROR:exception_snapshot_win.cc(99)] thread ID 7340 not found in process
[1101/090849.497:ERROR:process_reader_win.cc(151)] SuspendThread: Acesso negado. (0x5)
[1101/090849.497:ERROR:process_reader_win.cc(151)] SuspendThread: Acesso negado. (0x5)
[1101/090849.497:ERROR:process_reader_win.cc(123)] NtOpenThread: {Acesso Negado} Um processo solicitou acesso a um objeto, mas o direito de acesso não lhe foi concedido. (0xc0000022)
[1101/090849.497:ERROR:exception_snapshot_win.cc(99)] thread ID 20584 not found in process
[1101/090849.498:ERROR:process_reader_win.cc(151)] SuspendThread: Acesso negado. (0x5)
[1101/090849.498:ERROR:process_reader_win.cc(151)] SuspendThread: Acesso negado. (0x5)
[1101/090849.498:ERROR:process_reader_win.cc(151)] SuspendThread: Acesso negado. (0x5)
[1101/090849.498:ERROR:process_reader_win.cc(151)] SuspendThread: Acesso negado. (0x5)
[1101/090849.498:ERROR:process_reader_win.cc(151)] SuspendThread: Acesso negado. (0x5)
[1101/090849.498:ERROR:process_reader_win.cc(151)] SuspendThread: Acesso negado. (0x5)
[1101/090849.498:ERROR:process_reader_win.cc(151)] SuspendThread: Acesso negado. (0x5)
[1101/090849.498:ERROR:process_reader_win.cc(151)] SuspendThread: Acesso negado. (0x5)
[1101/090849.498:ERROR:process_reader_win.cc(151)] SuspendThread: Acesso negado. (0x5)
[1101/090849.498:ERROR:process_reader_win.cc(151)] SuspendThread: Acesso negado. (0x5)
[1101/090849.498:ERROR:process_reader_win.cc(151)] SuspendThread: Acesso negado. (0x5)
[1101/090849.498:ERROR:process_reader_win.cc(151)] SuspendThread: Acesso negado. (0x5)
[1101/090849.498:ERROR:process_reader_win.cc(151)] SuspendThread: Acesso negado. (0x5)
[1101/090849.498:ERROR:process_reader_win.cc(151)] SuspendThread: Acesso negado. (0x5)
[1101/090849.498:ERROR:process_reader_win.cc(151)] SuspendThread: Acesso negado. (0x5)
[1101/090849.498:ERROR:process_reader_win.cc(123)] NtOpenThread: {Acesso Negado} Um processo solicitou acesso a um objeto, mas o direito de acesso não lhe foi concedido. (0xc0000022)
[1101/090849.498:ERROR:process_reader_win.cc(123)] NtOpenThread: {Acesso Negado} Um processo solicitou acesso a um objeto, mas o direito de acesso não lhe foi concedido. (0xc0000022)
[1101/090849.499:ERROR:exception_snapshot_win.cc(99)] thread ID 9728 not found in process
[1101/090849.499:ERROR:exception_snapshot_win.cc(99)] thread ID 34216 not found in process
[1101/090849.518:ERROR:process_reader_win.cc(151)] SuspendThread: Acesso negado. (0x5)
[1101/090849.519:ERROR:process_reader_win.cc(151)] SuspendThread: Acesso negado. (0x5)
[1101/090849.519:ERROR:process_reader_win.cc(151)] SuspendThread: Acesso negado. (0x5)
[1101/090849.519:ERROR:process_reader_win.cc(151)] SuspendThread: Acesso negado. (0x5)
[1101/090849.519:ERROR:process_reader_win.cc(151)] SuspendThread: Acesso negado. (0x5)
[1101/090849.519:ERROR:process_reader_win.cc(151)] SuspendThread: Acesso negado. (0x5)
[1101/090849.519:ERROR:process_reader_win.cc(151)] SuspendThread: Acesso negado. (0x5)
[1101/090849.519:ERROR:process_reader_win.cc(151)] SuspendThread: Acesso negado. (0x5)
[1101/090849.519:ERROR:process_reader_win.cc(151)] SuspendThread: Acesso negado. (0x5)
[1101/090849.519:ERROR:process_reader_win.cc(151)] SuspendThread: Acesso negado. (0x5)
[1101/090849.519:ERROR:process_reader_win.cc(123)] NtOpenThread: {Acesso Negado} Um processo solicitou acesso a um objeto, mas o direito de acesso não lhe foi concedido. (0xc0000022)
[1101/090849.519:ERROR:exception_snapshot_win.cc(99)] thread ID 11952 not found in process
[1101/090849.519:ERROR:process_reader_win.cc(151)] SuspendThread: Acesso negado. (0x5)
[1101/090849.519:ERROR:process_reader_win.cc(151)] SuspendThread: Acesso negado. (0x5)
[1101/090849.519:ERROR:process_reader_win.cc(151)] SuspendThread: Acesso negado. (0x5)
[1101/090849.519:ERROR:process_reader_win.cc(151)] SuspendThread: Acesso negado. (0x5)
[1101/090849.519:ERROR:process_reader_win.cc(151)] SuspendThread: Acesso negado. (0x5)
[1101/090849.519:ERROR:process_reader_win.cc(151)] SuspendThread: Acesso negado. (0x5)
[1101/090849.519:ERROR:process_reader_win.cc(151)] SuspendThread: Acesso negado. (0x5)
[1101/090849.519:ERROR:process_reader_win.cc(151)] SuspendThread: Acesso negado. (0x5)
[1101/090849.519:ERROR:process_reader_win.cc(151)] SuspendThread: Acesso negado. (0x5)
[1101/090849.519:ERROR:process_reader_win.cc(123)] NtOpenThread: {Acesso Negado} Um processo solicitou acesso a um objeto, mas o direito de acesso não lhe foi concedido. (0xc0000022)
[1101/090849.519:ERROR:exception_snapshot_win.cc(99)] thread ID 30980 not found in process
[1101/090849.519:ERROR:process_reader_win.cc(151)] SuspendThread: Acesso negado. (0x5)
[1101/090849.520:ERROR:process_reader_win.cc(151)] SuspendThread: Acesso negado. (0x5)
[1101/090849.520:ERROR:process_reader_win.cc(151)] SuspendThread: Acesso negado. (0x5)
[1101/090849.520:ERROR:process_reader_win.cc(151)] SuspendThread: Acesso negado. (0x5)
[1101/090849.520:ERROR:process_reader_win.cc(151)] SuspendThread: Acesso negado. (0x5)
[1101/090849.520:ERROR:process_reader_win.cc(151)] SuspendThread: Acesso negado. (0x5)
[1101/090849.520:ERROR:process_reader_win.cc(151)] SuspendThread: Acesso negado. (0x5)
[1101/090849.520:ERROR:process_reader_win.cc(151)] SuspendThread: Acesso negado. (0x5)
[1101/090849.520:ERROR:process_reader_win.cc(123)] NtOpenThread: {Acesso Negado} Um processo solicitou acesso a um objeto, mas o direito de acesso não lhe foi concedido. (0xc0000022)
[1101/090849.520:ERROR:exception_snapshot_win.cc(99)] thread ID 9108 not found in process
[1101/090849.520:ERROR:process_reader_win.cc(151)] SuspendThread: Acesso negado. (0x5)
[1101/090849.520:ERROR:process_reader_win.cc(151)] SuspendThread: Acesso negado. (0x5)
[1101/090849.520:ERROR:process_reader_win.cc(151)] SuspendThread: Acesso negado. (0x5)
[1101/090849.520:ERROR:process_reader_win.cc(151)] SuspendThread: Acesso negado. (0x5)
[1101/090849.520:ERROR:process_reader_win.cc(151)] SuspendThread: Acesso negado. (0x5)
[1101/090849.520:ERROR:process_reader_win.cc(151)] SuspendThread: Acesso negado. (0x5)
[1101/090849.520:ERROR:process_reader_win.cc(151)] SuspendThread: Acesso negado. (0x5)
[1101/090849.520:ERROR:process_reader_win.cc(151)] SuspendThread: Acesso negado. (0x5)
[1101/090849.520:ERROR:process_reader_win.cc(151)] SuspendThread: Acesso negado. (0x5)
[1101/090849.520:ERROR:process_reader_win.cc(151)] SuspendThread: Acesso negado. (0x5)
[1101/090849.520:ERROR:process_reader_win.cc(151)] SuspendThread: Acesso negado. (0x5)
[1101/090849.520:ERROR:process_reader_win.cc(151)] SuspendThread: Acesso negado. (0x5)
[1101/090849.521:ERROR:process_reader_win.cc(151)] SuspendThread: Acesso negado. (0x5)
[1101/090849.521:ERROR:process_reader_win.cc(151)] SuspendThread: Acesso negado. (0x5)
[1101/090849.521:ERROR:process_reader_win.cc(123)] NtOpenThread: {Acesso Negado} Um processo solicitou acesso a um objeto, mas o direito de acesso não lhe foi concedido. (0xc0000022)
[1101/090849.521:ERROR:process_reader_win.cc(123)] NtOpenThread: {Acesso Negado} Um processo solicitou acesso a um objeto, mas o direito de acesso não lhe foi concedido. (0xc0000022)
[1101/090849.521:ERROR:exception_snapshot_win.cc(99)] thread ID 22748 not found in process
[1101/090849.521:ERROR:exception_snapshot_win.cc(99)] thread ID 10872 not found in process
[1101/090849.523:ERROR:process_reader_win.cc(151)] SuspendThread: Acesso negado. (0x5)
[1101/090849.523:ERROR:process_reader_win.cc(151)] SuspendThread: Acesso negado. (0x5)
[1101/090849.523:ERROR:process_reader_win.cc(151)] SuspendThread: Acesso negado. (0x5)
[1101/090849.523:ERROR:process_reader_win.cc(151)] SuspendThread: Acesso negado. (0x5)
[1101/090849.523:ERROR:process_reader_win.cc(151)] SuspendThread: Acesso negado. (0x5)
[1101/090849.523:ERROR:process_reader_win.cc(151)] SuspendThread: Acesso negado. (0x5)
[1101/090849.523:ERROR:process_reader_win.cc(123)] NtOpenThread: {Acesso Negado} Um processo solicitou acesso a um objeto, mas o direito de acesso não lhe foi concedido. (0xc0000022)
[1101/090849.523:ERROR:exception_snapshot_win.cc(99)] thread ID 14036 not found in process
[1101/090849.531:ERROR:process_reader_win.cc(151)] SuspendThread: Acesso negado. (0x5)
[1101/090849.531:ERROR:process_reader_win.cc(151)] SuspendThread: Acesso negado. (0x5)
[1101/090849.531:ERROR:process_reader_win.cc(151)] SuspendThread: Acesso negado. (0x5)
[1101/090849.531:ERROR:process_reader_win.cc(151)] SuspendThread: Acesso negado. (0x5)
[1101/090849.531:ERROR:process_reader_win.cc(151)] SuspendThread: Acesso negado. (0x5)
[1101/090849.531:ERROR:process_reader_win.cc(151)] SuspendThread: Acesso negado. (0x5)
[1101/090849.531:ERROR:process_reader_win.cc(151)] SuspendThread: Acesso negado. (0x5)
[1101/090849.531:ERROR:process_reader_win.cc(151)] SuspendThread: Acesso negado. (0x5)
[1101/090849.531:ERROR:process_reader_win.cc(151)] SuspendThread: Acesso negado. (0x5)
[1101/090849.531:ERROR:process_reader_win.cc(151)] SuspendThread: Acesso negado. (0x5)
[1101/090849.531:ERROR:process_reader_win.cc(123)] NtOpenThread: {Acesso Negado} Um processo solicitou acesso a um objeto, mas o direito de acesso não lhe foi concedido. (0xc0000022)
[1101/090849.531:ERROR:exception_snapshot_win.cc(99)] thread ID 33104 not found in process
[1101/090849.539:ERROR:process_reader_win.cc(151)] SuspendThread: Acesso negado. (0x5)
[1101/090849.539:ERROR:process_reader_win.cc(151)] SuspendThread: Acesso negado. (0x5)
[1101/090849.539:ERROR:process_reader_win.cc(123)] NtOpenThread: {Acesso Negado} Um processo solicitou acesso a um objeto, mas o direito de acesso não lhe foi concedido. (0xc0000022)
[1101/090849.540:ERROR:exception_snapshot_win.cc(99)] thread ID 34120 not found in process
[1101/090849.560:ERROR:process_reader_win.cc(151)] SuspendThread: Acesso negado. (0x5)
[1101/090849.561:ERROR:process_reader_win.cc(123)] NtOpenThread: {Acesso Negado} Um processo solicitou acesso a um objeto, mas o direito de acesso não lhe foi concedido. (0xc0000022)
[1101/090849.561:ERROR:exception_snapshot_win.cc(99)] thread ID 31728 not found in process
